######################################################################
# DockRMSD (v1.1): docking pose distance calculation                 #
#                                                                    #
# If you use DockRMSD in your work, please cite:                     #
#                                                                    #
# Bell, E.W., Zhang, Y. DockRMSD: an open-source tool for atom       #
# mapping and RMSD calculation of symmetric molecules through graph  #
# isomorphism. Journal of Cheminformatics, 11:40 (2019).             #
######################################################################

Calculated Docking RMSD: 1.617

Total # of Possible Mappings: 16777216
Optimal mapping (First file -> Second file, * indicates correspondence is not one-to-one):
P  1 -> P  1 
O  2 -> O  3 *
O  3 -> O  4 *
O  4 -> O  2 *
P  5 -> P  5 
O  6 -> O  7 *
O  7 -> O  6 *
O  8 -> O  8 
O  9 -> O  9 
C 10 -> C 10 
C 11 -> C 11 
O 12 -> O 12 
C 13 -> C 13 
O 14 -> O 14 
P 15 -> P 15 
O 16 -> O 17 *
O 17 -> O 18 *
O 18 -> O 16 *
C 19 -> C 19 
O 20 -> O 20 
C 21 -> C 21 
N 22 -> N 22 
C 23 -> C 23 
N 24 -> N 24 
C 25 -> C 25 
C 26 -> C 26 
N 27 -> N 27 
N 28 -> N 28 
C 29 -> C 29 
N 30 -> N 30 
C 31 -> C 31 
